02-16 15:15 root         INFO     LCD light turned off
02-16 15:15 root         INFO     LCD manager created
02-16 15:15 root         INFO     LCD light turned on
02-16 15:15 root         INFO     LCD screen on/off manager running
02-16 15:15 root         INFO     LCD Message set to "Sonos Jukebox"
02-16 15:15 root         INFO     LCD Message set to "Sonos Jukebox"
02-16 15:15 root         INFO     Service command starting
02-16 15:15 root         INFO     found the following sonos servers : 192.168.1.81,192.168.1.87,192.168.1.78,192.168.1.79,192.168.1.77,192.168.1.80
02-16 15:15 root         INFO     Jukebox Service running
02-16 15:15 root         INFO     Now listening to jukebox inputs
02-16 15:15 root         INFO     LCD Message set to "Sonos Jukebox"
02-16 15:15 root         INFO     Received signal
02-16 15:15 root         INFO     Aquiring lock on train counters for incrementing
02-16 15:15 root         INFO     No previous state - starting letter count = 1
02-16 15:15 root         INFO     Signalled time since last signal: 8.000
02-16 15:15 root         INFO     Received signal
02-16 15:15 root         INFO     Aquiring lock on train counters for incrementing
02-16 15:15 root         INFO     Incrementing letter count, now 1
02-16 15:15 root         INFO     Signalled time since last signal: 0.095
02-16 15:15 root         INFO     Received signal
02-16 15:15 root         INFO     Aquiring lock on train counters for incrementing
02-16 15:15 root         INFO     short pause between this and last input - starting number count = 1
02-16 15:15 root         INFO     Signalled time since last signal: 0.237
02-16 15:15 root         INFO     Received signal
02-16 15:15 root         INFO     Aquiring lock on train counters for incrementing
02-16 15:15 root         INFO     Incrementing number count, now 2
02-16 15:15 root         INFO     Signalled time since last signal: 0.074
02-16 15:15 root         INFO     Signals ready to process !!! - Aquiring lock on train counters for resetting number and letter counts due to them being read
02-16 15:15 root         INFO     LETTERS (1)
02-16 15:15 root         INFO     NUMBERS (2)
02-16 15:15 root         INFO     Key press waiting to be processed.  Sending to processor
02-16 15:15 root         INFO     Sent short cut "A2"
02-16 15:15 root         INFO     LCD Message set to "Keys Received"
02-16 15:15 django.db.backends DEBUG    (0.007) SELECT `sonos_jukebox_config_jukeboxshortcut`.`id`, `sonos_jukebox_config_jukeboxshortcut`.`keys`, `sonos_jukebox_config_jukeboxshortcut`.`type`, `sonos_jukebox_config_jukeboxshortcut`.`track` FROM `sonos_jukebox_config_jukeboxshortcut` WHERE `sonos_jukebox_config_jukeboxshortcut`.`keys` = 'A2' ; args=('A2',)
02-16 15:15 root         INFO     LCD Message set to "Shortcut"
02-16 15:15 django.db.backends DEBUG    (0.004) SELECT `sonos_jukebox_config_configuration`.`id`, `sonos_jukebox_config_configuration`.`key`, `sonos_jukebox_config_configuration`.`value` FROM `sonos_jukebox_config_configuration` WHERE `sonos_jukebox_config_configuration`.`key` = 'TARGET_SPEAKER' ; args=('TARGET_SPEAKER',)
02-16 15:15 root         INFO     Short cut track is"Def Leppard" running from "Pandora"
02-16 15:15 root         INFO     Successfully read speaker to send to as "Study"
02-16 15:15 root         INFO     found the following sonos servers : 192.168.1.81,192.168.1.80,192.168.1.77,192.168.1.79,192.168.1.87,192.168.1.78
02-16 15:15 root         INFO     LCD Message set to "Pandora"
02-16 15:15 root         INFO     logging into pandora
02-16 15:15 root         INFO     loading station list
02-16 15:15 root         INFO     station list loaded 
02-16 15:15 root         INFO     found track "Def Leppard Radio"
02-16 15:15 root         INFO     found track "Def Leppard Radio"
02-16 15:15 root         INFO     LCD Message set to "Pl: Def Leppard Radio"
02-16 15:15 requests.packages.urllib3.connectionpool INFO     Starting new HTTP connection (1): 192.168.1.79
02-16 15:15 requests.packages.urllib3.connectionpool DEBUG    Setting read timeout to None
02-16 15:15 requests.packages.urllib3.connectionpool DEBUG    "GET /status/zp HTTP/1.1" 200 None
02-16 15:15 root         INFO     Skipping player "Lounge (L)"
02-16 15:15 requests.packages.urllib3.connectionpool INFO     Starting new HTTP connection (1): 192.168.1.78
02-16 15:15 requests.packages.urllib3.connectionpool DEBUG    Setting read timeout to None
02-16 15:15 requests.packages.urllib3.connectionpool DEBUG    "GET /status/zp HTTP/1.1" 200 None
02-16 15:15 root         INFO     Skipping player "Dining Room"
02-16 15:15 requests.packages.urllib3.connectionpool INFO     Starting new HTTP connection (1): 192.168.1.81
02-16 15:15 requests.packages.urllib3.connectionpool DEBUG    Setting read timeout to None
02-16 15:16 root         INFO     Received signal
02-16 15:16 root         INFO     Aquiring lock on train counters for incrementing
02-16 15:16 root         INFO     No previous state - starting letter count = 1
02-16 15:16 root         INFO     Signalled time since last signal: 21.756
02-16 15:16 root         INFO     Received signal
02-16 15:16 root         INFO     Aquiring lock on train counters for incrementing
02-16 15:16 root         INFO     Incrementing letter count, now 1
02-16 15:16 root         INFO     Signalled time since last signal: 0.095
02-16 15:16 root         INFO     Received signal
02-16 15:16 root         INFO     Aquiring lock on train counters for incrementing
02-16 15:16 root         INFO     short pause between this and last input - starting number count = 1
02-16 15:16 root         INFO     Signalled time since last signal: 0.227
02-16 15:16 root         INFO     Received signal
02-16 15:16 root         INFO     Aquiring lock on train counters for incrementing
02-16 15:16 root         INFO     Incrementing number count, now 2
02-16 15:16 root         INFO     Signalled time since last signal: 0.091
02-16 15:16 root         INFO     Received signal
02-16 15:16 root         INFO     Aquiring lock on train counters for incrementing
02-16 15:16 root         INFO     Incrementing number count, now 3
02-16 15:16 root         INFO     Signalled time since last signal: 0.086
02-16 15:16 root         INFO     Received signal
02-16 15:16 root         INFO     Aquiring lock on train counters for incrementing
02-16 15:16 root         INFO     Ignored press 20215.959 milisecs since last
02-16 15:16 root         INFO     Signalled time since last signal: 20.220
02-16 15:16 root         INFO     Received signal
02-16 15:16 root         INFO     Aquiring lock on train counters for incrementing
02-16 15:16 root         INFO     Incrementing number count, now 4
02-16 15:16 root         INFO     Signalled time since last signal: 0.101
02-16 15:16 root         INFO     Received signal
02-16 15:16 root         INFO     Aquiring lock on train counters for incrementing
02-16 15:16 root         INFO     short pause between this and last input - starting number count = 1
02-16 15:16 root         INFO     Signalled time since last signal: 0.235
02-16 15:16 root         INFO     Received signal
02-16 15:16 root         INFO     Aquiring lock on train counters for incrementing
02-16 15:16 root         INFO     Incrementing number count, now 2
02-16 15:16 root         INFO     Signalled time since last signal: 0.081
02-16 15:16 root         INFO     Received signal
02-16 15:16 root         INFO     Aquiring lock on train counters for incrementing
02-16 15:16 root         INFO     Incrementing number count, now 3
02-16 15:16 root         INFO     Signalled time since last signal: 0.071
02-16 15:16 root         INFO     Received signal
02-16 15:16 root         INFO     Aquiring lock on train counters for incrementing
02-16 15:16 root         INFO     Incrementing number count, now 4
02-16 15:16 root         INFO     Signalled time since last signal: 0.084
